<?xml version="1.0" encoding="UTF-8"?>
<!-- Generated by org.testng.reporters.JUnitReportReporter -->
<testsuite skipped="0" hostname="DESKTOP-INQUNRP" name="com.Assurance.mainNav.Links.MouseHover" tests="1" failures="0" timestamp="2021-01-09T19:59:15 EST" time="1.851" errors="0">
  <testcase name="myAccountLoginTest" time="1.851" classname="com.Assurance.mainNav.Links.MouseHover"/>
</testsuite> <!-- com.Assurance.mainNav.Links.MouseHover -->
