<?xml version="1.0" encoding="UTF-8"?>
<!-- Generated by org.testng.reporters.JUnitReportReporter -->
<testsuite skipped="0" hostname="DESKTOP-INQUNRP" name="synchronization.ImplicitWait.ImplicitWait1" tests="2" failures="0" timestamp="2021-01-17T20:24:35 EST" time="3.455" errors="0">
  <testcase name="findElementTest" time="2.894" classname="synchronization.ImplicitWait.ImplicitWait1"/>
  <testcase name="findElementsTest" time="0.561" classname="synchronization.ImplicitWait.ImplicitWait1"/>
</testsuite> <!-- synchronization.ImplicitWait.ImplicitWait1 -->
