<?xml version="1.0" encoding="UTF-8"?>
<!-- Generated by org.testng.reporters.JUnitReportReporter -->
<testsuite skipped="0" hostname="DESKTOP-INQUNRP" name="locators.Attribute.Attribute_Class" tests="4" failures="0" timestamp="2021-01-02T20:44:56 EST" time="5.083" errors="0">
  <testcase name="topmost_Class_Test" time="0.272" classname="locators.Attribute.Attribute_Class"/>
  <testcase name="tinyText_Class_Test" time="0.044" classname="locators.Attribute.Attribute_Class"/>
  <testcase name="carousel_Class_Test" time="0.091" classname="locators.Attribute.Attribute_Class"/>
  <testcase name="logIN_class_Test" time="4.676" classname="locators.Attribute.Attribute_Class"/>
</testsuite> <!-- locators.Attribute.Attribute_Class -->
