<?xml version="1.0" encoding="UTF-8"?>
<!-- Generated by org.testng.reporters.JUnitReportReporter -->
<testsuite skipped="0" hostname="DESKTOP-INQUNRP" name="com.Assurance.UtilityLinks.Iframe" tests="1" failures="0" timestamp="2020-12-22T16:28:09 EST" time="6.822" errors="0">
  <testcase name="iFrameTest" time="6.822" classname="com.Assurance.UtilityLinks.Iframe"/>
</testsuite> <!-- com.Assurance.UtilityLinks.Iframe -->
