<?xml version="1.0" encoding="UTF-8"?>
<!-- Generated by org.testng.reporters.JUnitReportReporter -->
<testsuite skipped="0" hostname="DESKTOP-INQUNRP" name="pageObjectModelTests.LoginTest" tests="6" failures="0" timestamp="2021-02-06T21:18:46 EST" time="9.690" errors="0">
  <testcase name="myAccountLoginLinkTest" time="1.072" classname="pageObjectModelTests.LoginTest"/>
  <testcase name="switchToChildWindowTest" time="1.929" classname="pageObjectModelTests.LoginTest"/>
  <testcase name="userNameTest" time="1.694" classname="pageObjectModelTests.LoginTest"/>
  <testcase name="passwordLinkTest" time="0.202" classname="pageObjectModelTests.LoginTest"/>
  <testcase name="submitTest" time="0.283" classname="pageObjectModelTests.LoginTest"/>
  <testcase name="loginRegresationTest" time="4.510" classname="pageObjectModelTests.LoginTest"/>
</testsuite> <!-- pageObjectModelTests.LoginTest -->
