<?xml version="1.0" encoding="UTF-8"?>
<!-- Generated by org.testng.reporters.JUnitReportReporter -->
<testsuite skipped="0" hostname="DESKTOP-INQUNRP" name="locators.Xpath.XpathXesFollowing" tests="6" failures="0" timestamp="2021-01-01T09:00:21 EST" time="1.170" errors="0">
  <testcase name="followingTest" time="0.152" classname="locators.Xpath.XpathXesFollowing"/>
  <testcase name="followingTest2" time="0.059" classname="locators.Xpath.XpathXesFollowing"/>
  <testcase name="followingTest3" time="0.059" classname="locators.Xpath.XpathXesFollowing"/>
  <testcase name="followingTest4" time="0.450" classname="locators.Xpath.XpathXesFollowing"/>
  <testcase name="followingTest5" time="0.162" classname="locators.Xpath.XpathXesFollowing"/>
  <testcase name="followingTest6" time="0.288" classname="locators.Xpath.XpathXesFollowing"/>
</testsuite> <!-- locators.Xpath.XpathXesFollowing -->
