<?xml version="1.0" encoding="UTF-8"?>
<!-- Generated by org.testng.reporters.JUnitReportReporter -->
<testsuite skipped="0" hostname="DESKTOP-INQUNRP" name="com.Assurance.Topmost.UtilityLinks.PrintAllTheElementValue" tests="1" failures="0" timestamp="2020-12-22T19:02:08 EST" time="5.056" errors="0">
  <testcase name="printUtlitiesLinkTest" time="5.056" classname="com.Assurance.Topmost.UtilityLinks.PrintAllTheElementValue"/>
</testsuite> <!-- com.Assurance.Topmost.UtilityLinks.PrintAllTheElementValue -->
