<?xml version="1.0" encoding="UTF-8"?>
<!-- Generated by org.testng.reporters.JUnitReportReporter -->
<testsuite skipped="0" hostname="DESKTOP-INQUNRP" name="com.Assurance.Topmost.UtilityLinks.FindTotalLinks" tests="1" failures="0" timestamp="2020-12-22T19:12:46 EST" time="6.523" errors="0">
  <testcase name="lifLineService_WhatIsLifeLine" time="6.523" classname="com.Assurance.Topmost.UtilityLinks.FindTotalLinks"/>
</testsuite> <!-- com.Assurance.Topmost.UtilityLinks.FindTotalLinks -->
