<?xml version="1.0" encoding="UTF-8"?>
<!-- Generated by org.testng.reporters.JUnitReportReporter -->
<testsuite skipped="0" hostname="DESKTOP-INQUNRP" name="synchronization.FluentWait.FluentWait3" tests="1" failures="0" timestamp="2021-01-14T19:48:24 EST" time="8.887" errors="0">
  <testcase name="clickOnCourasoul2" time="8.887" classname="synchronization.FluentWait.FluentWait3"/>
</testsuite> <!-- synchronization.FluentWait.FluentWait3 -->
