<?xml version="1.0" encoding="UTF-8"?>
<!-- Generated by org.testng.reporters.JUnitReportReporter -->
<testsuite skipped="0" hostname="DESKTOP-INQUNRP" name="com.Assurance.Topmost.SocialLinks.FindAllTheSocialLinks" tests="2" failures="0" timestamp="2020-12-22T18:04:18 EST" time="1.043" errors="0">
  <testcase name="FindAllForEachLoopTest" time="0.857" classname="com.Assurance.Topmost.SocialLinks.FindAllTheSocialLinks"/>
  <testcase name="FindAllTheLinkRegularLoopTest" time="0.186" classname="com.Assurance.Topmost.SocialLinks.FindAllTheSocialLinks"/>
</testsuite> <!-- com.Assurance.Topmost.SocialLinks.FindAllTheSocialLinks -->
