<?xml version="1.0" encoding="UTF-8"?>
<!-- Generated by org.testng.reporters.JUnitReportReporter -->
<testsuite skipped="0" hostname="DESKTOP-INQUNRP" name="locators.Xpath.XpathOrAnd" tests="2" failures="0" timestamp="2021-01-09T12:00:01 EST" time="4.699" errors="0">
  <testcase name="OrXpath" time="4.618" classname="locators.Xpath.XpathOrAnd"/>
  <testcase name="andXpath" time="0.081" classname="locators.Xpath.XpathOrAnd"/>
</testsuite> <!-- locators.Xpath.XpathOrAnd -->
