<?xml version="1.0" encoding="UTF-8"?>
<!-- Generated by org.testng.reporters.JUnitReportReporter -->
<testsuite skipped="0" hostname="DESKTOP-INQUNRP" name="synchronization.FluentWait.IgnoringAll" tests="1" failures="0" timestamp="2021-01-15T18:55:31 EST" time="17.818" errors="0">
  <testcase name="courasoulThreeTest" time="17.818" classname="synchronization.FluentWait.IgnoringAll"/>
</testsuite> <!-- synchronization.FluentWait.IgnoringAll -->
