<?xml version="1.0" encoding="UTF-8"?>
<!-- Generated by org.testng.reporters.JUnitReportReporter -->
<testsuite skipped="0" hostname="DESKTOP-INQUNRP" name="com.Assurance.UtilityLinks.PrintAllTheElementValue" tests="2" failures="0" timestamp="2020-12-22T16:59:36 EST" time="11.569" errors="0">
  <testcase name="lifLineService_WhatIsLifeLine" time="5.973" classname="com.Assurance.UtilityLinks.PrintAllTheElementValue"/>
  <testcase name="lifLineService_WhatIsLifeLine1" time="5.596" classname="com.Assurance.UtilityLinks.PrintAllTheElementValue"/>
</testsuite> <!-- com.Assurance.UtilityLinks.PrintAllTheElementValue -->
