<?xml version="1.0" encoding="UTF-8"?>
<!-- Generated by org.testng.reporters.JUnitReportReporter -->
<testsuite skipped="0" hostname="DESKTOP-INQUNRP" name="locators.Xpath.XpathXesFollowingImageSlider" tests="1" failures="0" timestamp="2020-12-31T20:18:41 EST" time="3.368" errors="0">
  <testcase name="followingTest" time="3.368" classname="locators.Xpath.XpathXesFollowingImageSlider"/>
</testsuite> <!-- locators.Xpath.XpathXesFollowingImageSlider -->
