<?xml version="1.0" encoding="UTF-8"?>
<!-- Generated by org.testng.reporters.JUnitReportReporter -->
<testsuite skipped="0" hostname="DESKTOP-INQUNRP" name="com.Assurance.Topmost.SocialLinks.ClickOnFacebookLinkTest" tests="2" failures="0" timestamp="2020-12-22T18:25:40 EST" time="3.036" errors="0">
  <testcase name="listTest" time="0.339" classname="com.Assurance.Topmost.SocialLinks.ClickOnFacebookLinkTest"/>
  <testcase name="iconLinkTest" time="2.697" classname="com.Assurance.Topmost.SocialLinks.ClickOnFacebookLinkTest"/>
</testsuite> <!-- com.Assurance.Topmost.SocialLinks.ClickOnFacebookLinkTest -->
