<?xml version="1.0" encoding="UTF-8"?>
<!-- Generated by org.testng.reporters.JUnitReportReporter -->
<testsuite skipped="0" hostname="DESKTOP-INQUNRP" name="com.Assurance.Topmost.UtilityLinks.Espanol_NavigateMethod" tests="1" failures="0" timestamp="2020-12-22T19:20:12 EST" time="2.575" errors="0">
  <testcase name="navigationTest" time="2.575" classname="com.Assurance.Topmost.UtilityLinks.Espanol_NavigateMethod"/>
</testsuite> <!-- com.Assurance.Topmost.UtilityLinks.Espanol_NavigateMethod -->
