<?xml version="1.0" encoding="UTF-8"?>
<!-- Generated by org.testng.reporters.JUnitReportReporter -->
<testsuite skipped="0" hostname="DESKTOP-INQUNRP" name="synchronization.ExplicitWait.IframeToBePresent" tests="1" failures="0" timestamp="2021-01-16T18:26:44 EST" time="0.295" errors="0">
  <testcase name="iFrameTest" time="0.295" classname="synchronization.ExplicitWait.IframeToBePresent"/>
</testsuite> <!-- synchronization.ExplicitWait.IframeToBePresent -->
