<?xml version="1.0" encoding="UTF-8"?>
<!-- Generated by org.testng.reporters.JUnitReportReporter -->
<testsuite skipped="0" hostname="DESKTOP-INQUNRP" name="com.Assurance.mainNav.Links.NavigationLinksTest" tests="2" failures="0" timestamp="2021-01-09T20:31:31 EST" time="0.609" errors="0">
  <testcase name="lifeLineLinksTest" time="0.249" classname="com.Assurance.mainNav.Links.NavigationLinksTest"/>
  <testcase name="helpCenterLinksTest" time="0.360" classname="com.Assurance.mainNav.Links.NavigationLinksTest"/>
</testsuite> <!-- com.Assurance.mainNav.Links.NavigationLinksTest -->
