<?xml version="1.0" encoding="UTF-8"?>
<!-- Generated by org.testng.reporters.JUnitReportReporter -->
<testsuite skipped="0" hostname="DESKTOP-INQUNRP" name="webElementCommands.InputBox" tests="1" failures="0" timestamp="2020-12-28T13:22:05 EST" time="8.697" errors="0">
  <testcase name="inputWebElementTest" time="8.697" classname="webElementCommands.InputBox"/>
</testsuite> <!-- webElementCommands.InputBox -->
