<?xml version="1.0" encoding="UTF-8"?>
<!-- Generated by org.testng.reporters.JUnitReportReporter -->
<testsuite skipped="0" hostname="DESKTOP-INQUNRP" name="webElementCommands.IsElement" tests="1" failures="0" timestamp="2020-12-27T17:46:09 EST" time="0.106" errors="0">
  <testcase name="isSelected" time="0.106" classname="webElementCommands.IsElement"/>
</testsuite> <!-- webElementCommands.IsElement -->
