<?xml version="1.0" encoding="UTF-8"?>
<!-- Generated by org.testng.reporters.JUnitReportReporter -->
<testsuite skipped="0" hostname="DESKTOP-INQUNRP" name="com.Assurance.Topmost.Iframe.Iframe_ClickElementsInTheIfame" tests="1" failures="0" timestamp="2020-12-26T19:39:02 EST" time="5.383" errors="0">
  <testcase name="iFrameTestLinkTwo" time="5.383" classname="com.Assurance.Topmost.Iframe.Iframe_ClickElementsInTheIfame"/>
</testsuite> <!-- com.Assurance.Topmost.Iframe.Iframe_ClickElementsInTheIfame -->
