<?xml version="1.0" encoding="UTF-8"?>
<!-- Generated by org.testng.reporters.JUnitReportReporter -->
<testsuite skipped="0" hostname="DESKTOP-INQUNRP" name="locators.Xpath.XpathText" tests="1" failures="0" timestamp="2020-12-31T12:04:49 EST" time="0.218" errors="0">
  <testcase name="regularXpath" time="0.218" classname="locators.Xpath.XpathText"/>
</testsuite> <!-- locators.Xpath.XpathText -->
