<?xml version="1.0" encoding="UTF-8"?>
<!-- Generated by org.testng.reporters.JUnitReportReporter -->
<testsuite skipped="0" hostname="DESKTOP-INQUNRP" name="locators.Xpath.XpathContain" tests="1" failures="0" timestamp="2020-12-31T13:28:26 EST" time="0.183" errors="0">
  <testcase name="contains" time="0.183" classname="locators.Xpath.XpathContain"/>
</testsuite> <!-- locators.Xpath.XpathContain -->
