<?xml version="1.0" encoding="UTF-8"?>
<!-- Generated by org.testng.reporters.JUnitReportReporter -->
<testsuite skipped="0" hostname="DESKTOP-INQUNRP" name="com.Assurance.Topmost.Iframe.Iframe_ClickElementsInTheIfame" tests="1" failures="0" timestamp="2021-01-15T11:56:28 EST" time="5.329" errors="0">
  <testcase name="iFrameTestLinkOne" time="5.329" classname="com.Assurance.Topmost.Iframe.Iframe_ClickElementsInTheIfame"/>
</testsuite> <!-- com.Assurance.Topmost.Iframe.Iframe_ClickElementsInTheIfame -->
