<?xml version="1.0" encoding="UTF-8"?>
<!-- Generated by org.testng.reporters.JUnitReportReporter -->
<testsuite skipped="0" hostname="DESKTOP-INQUNRP" name="com.SeleniumAssesment.InterfaceMethodChaining.TimeOutMethodChaining" tests="1" failures="0" timestamp="2020-12-26T12:53:44 EST" time="23.641" errors="0">
  <testcase name="methodTest" time="23.641" classname="com.SeleniumAssesment.InterfaceMethodChaining.TimeOutMethodChaining"/>
</testsuite> <!-- com.SeleniumAssesment.InterfaceMethodChaining.TimeOutMethodChaining -->
