<?xml version="1.0" encoding="UTF-8"?>
<!-- Generated by org.testng.reporters.JUnitReportReporter -->
<testsuite skipped="0" hostname="DESKTOP-INQUNRP" name="locators.CSS.CSS_Child" tests="1" failures="0" timestamp="2021-01-10T18:23:20 EST" time="1.891" errors="0">
  <testcase name="GChild2_MoseHver_dropDown_CSS_Class_Test" time="1.891" classname="locators.CSS.CSS_Child"/>
</testsuite> <!-- locators.CSS.CSS_Child -->
