<?xml version="1.0" encoding="UTF-8"?>
<!-- Generated by org.testng.reporters.JUnitReportReporter -->
<testsuite skipped="0" hostname="DESKTOP-INQUNRP" name="synchronization.ExplicitWait.IframeToBePresent" tests="1" failures="0" timestamp="2021-01-17T18:54:56 EST" time="1.050" errors="0">
  <testcase name="iFrameTest" time="1.050" classname="synchronization.ExplicitWait.IframeToBePresent"/>
</testsuite> <!-- synchronization.ExplicitWait.IframeToBePresent -->
