<?xml version="1.0" encoding="UTF-8"?>
<!-- Generated by org.testng.reporters.JUnitReportReporter -->
<testsuite skipped="0" hostname="DESKTOP-INQUNRP" name="locators.Xpath.XpathXesFollowingImageSlider" tests="1" failures="0" timestamp="2021-01-15T16:53:44 EST" time="4.843" errors="0">
  <testcase name="followingTest2" time="4.843" classname="locators.Xpath.XpathXesFollowingImageSlider"/>
</testsuite> <!-- locators.Xpath.XpathXesFollowingImageSlider -->
