<?xml version="1.0" encoding="UTF-8"?>
<!-- Generated by org.testng.reporters.JUnitReportReporter -->
<testsuite skipped="0" hostname="DESKTOP-INQUNRP" name="locators.Xpath.Xpath" tests="1" failures="0" timestamp="2020-12-31T09:55:38 EST" time="4.480" errors="0">
  <testcase name="regularXpath" time="4.480" classname="locators.Xpath.Xpath"/>
</testsuite> <!-- locators.Xpath.Xpath -->
