<?xml version="1.0" encoding="UTF-8"?>
<!-- Generated by org.testng.reporters.JUnitReportReporter -->
<testsuite skipped="0" hostname="DESKTOP-INQUNRP" name="action.MouseHover" tests="2" failures="0" timestamp="2021-01-09T13:42:14 EST" time="1.424" errors="0">
  <testcase name="lifeLineLinksTest" time="0.498" classname="action.MouseHover"/>
  <testcase name="helpCenterLinksTest" time="0.926" classname="action.MouseHover"/>
</testsuite> <!-- action.MouseHover -->
