<?xml version="1.0" encoding="UTF-8"?>
<!-- Generated by org.testng.reporters.JUnitReportReporter -->
<testsuite skipped="0" hostname="DESKTOP-INQUNRP" name="com.Assurance.TheTest" tests="1" failures="0" timestamp="2020-12-22T09:36:01 EST" time="0.110" errors="0">
  <testcase name="lifLineService_WhatIsLifeLine" time="0.110" classname="com.Assurance.TheTest"/>
</testsuite> <!-- com.Assurance.TheTest -->
