<?xml version="1.0" encoding="UTF-8"?>
<!-- Generated by org.testng.reporters.JUnitReportReporter -->
<testsuite skipped="0" hostname="DESKTOP-INQUNRP" name="interfaceMethodChaining.WindowInterfaceMethodChaining" tests="1" failures="0" timestamp="2020-12-26T20:05:21 EST" time="3.776" errors="0">
  <testcase name="maximize" time="3.776" classname="interfaceMethodChaining.WindowInterfaceMethodChaining"/>
</testsuite> <!-- interfaceMethodChaining.WindowInterfaceMethodChaining -->
