<?xml version="1.0" encoding="UTF-8"?>
<!-- Generated by org.testng.reporters.JUnitReportReporter -->
<testsuite skipped="0" hostname="DESKTOP-INQUNRP" name="pageObjectModelTests.RegularTest" tests="1" failures="0" timestamp="2021-02-06T10:55:55 EST" time="12.280" errors="0">
  <testcase name="loginTest" time="12.280" classname="pageObjectModelTests.RegularTest"/>
</testsuite> <!-- pageObjectModelTests.RegularTest -->
