<?xml version="1.0" encoding="UTF-8"?>
<!-- Generated by org.testng.reporters.JUnitReportReporter -->
<testsuite skipped="0" hostname="DESKTOP-INQUNRP" name="locators.Xpath.XpathOrAnd" tests="2" failures="0" timestamp="2020-12-31T09:48:28 EST" time="4.670" errors="0">
  <testcase name="OrXpath" time="4.526" classname="locators.Xpath.XpathOrAnd"/>
  <testcase name="andXpath" time="0.144" classname="locators.Xpath.XpathOrAnd"/>
</testsuite> <!-- locators.Xpath.XpathOrAnd -->
