<?xml version="1.0" encoding="UTF-8"?>
<!-- Generated by org.testng.reporters.JUnitReportReporter -->
<testsuite skipped="0" hostname="DESKTOP-INQUNRP" name="com.Assurance.Topmost.UtilityLinks_WindowHandles.ParentAndChildWindowHandle" tests="1" failures="0" timestamp="2020-12-24T19:44:35 EST" time="12.673" errors="0">
  <testcase name="parentAndChildWindowTest" time="12.673" classname="com.Assurance.Topmost.UtilityLinks_WindowHandles.ParentAndChildWindowHandle"/>
</testsuite> <!-- com.Assurance.Topmost.UtilityLinks_WindowHandles.ParentAndChildWindowHandle -->
