<?xml version="1.0" encoding="UTF-8"?>
<!-- Generated by org.testng.reporters.JUnitReportReporter -->
<testsuite skipped="0" hostname="DESKTOP-INQUNRP" name="interfaceMethodChaining.WindowInterfaceMethodChaining" tests="2" failures="0" timestamp="2020-12-27T18:12:33 EST" time="2.929" errors="0">
  <testcase name="maximize" time="0.434" classname="interfaceMethodChaining.WindowInterfaceMethodChaining"/>
  <testcase name="getPosition" time="2.495" classname="interfaceMethodChaining.WindowInterfaceMethodChaining"/>
</testsuite> <!-- interfaceMethodChaining.WindowInterfaceMethodChaining -->
