<?xml version="1.0" encoding="UTF-8"?>
<!-- Generated by org.testng.reporters.JUnitReportReporter -->
<testsuite skipped="0" hostname="DESKTOP-INQUNRP" name="synchronization.ExplicitWait.Clickable" tests="1" failures="0" timestamp="2021-01-14T20:05:40 EST" time="0.747" errors="0">
  <testcase name="clickableTest" time="0.747" classname="synchronization.ExplicitWait.Clickable"/>
</testsuite> <!-- synchronization.ExplicitWait.Clickable -->
