<?xml version="1.0" encoding="UTF-8"?>
<!-- Generated by org.testng.reporters.JUnitReportReporter -->
<testsuite skipped="0" hostname="DESKTOP-INQUNRP" name="com.Assurance.mainNav.Links.MouseHoverLinksTest" tests="2" failures="0" timestamp="2021-01-09T20:16:23 EST" time="0.530" errors="0">
  <testcase name="lifeLineLinksTest" time="0.354" classname="com.Assurance.mainNav.Links.MouseHoverLinksTest"/>
  <testcase name="enhanceLoop" time="0.176" classname="com.Assurance.mainNav.Links.MouseHoverLinksTest"/>
</testsuite> <!-- com.Assurance.mainNav.Links.MouseHoverLinksTest -->
