<?xml version="1.0" encoding="UTF-8"?>
<!-- Generated by org.testng.reporters.JUnitReportReporter -->
<testsuite skipped="0" hostname="DESKTOP-INQUNRP" name="pageObjectModelFindBy.FindByTest" tests="1" failures="0" timestamp="2021-02-06T16:51:19 EST" time="0.780" errors="0">
  <testcase name="linkTest" time="0.780" classname="pageObjectModelFindBy.FindByTest"/>
</testsuite> <!-- pageObjectModelFindBy.FindByTest -->
