<?xml version="1.0" encoding="UTF-8"?>
<!-- Generated by org.testng.reporters.JUnitReportReporter -->
<testsuite skipped="0" hostname="DESKTOP-INQUNRP" name="locators.CSS.CSS_Class" tests="1" failures="0" timestamp="2021-01-01T19:15:58 EST" time="0.089" errors="0">
  <testcase name="CSS_Substring_Class_Test" time="0.089" classname="locators.CSS.CSS_Class"/>
</testsuite> <!-- locators.CSS.CSS_Class -->
