<?xml version="1.0" encoding="UTF-8"?>
<!-- Generated by org.testng.reporters.JUnitReportReporter -->
<testsuite skipped="0" hostname="DESKTOP-INQUNRP" name="webElementCommands.InputBox" tests="1" failures="0" timestamp="2020-12-27T19:56:37 EST" time="10.172" errors="0">
  <testcase name="inputWebElementTest" time="10.172" classname="webElementCommands.InputBox"/>
</testsuite> <!-- webElementCommands.InputBox -->
