<?xml version="1.0" encoding="UTF-8"?>
<!-- Generated by org.testng.reporters.JUnitReportReporter -->
<testsuite skipped="0" hostname="DESKTOP-INQUNRP" name="com.Assurance.InnerMenu.Links.LifeLineServicesLink" tests="3" failures="0" timestamp="2020-12-31T13:21:22 EST" time="0.474" errors="0">
  <testcase name="innerMenuLinksTest" time="0.167" classname="com.Assurance.InnerMenu.Links.LifeLineServicesLink"/>
  <testcase name="helpCenterLinksTest" time="0.273" classname="com.Assurance.InnerMenu.Links.LifeLineServicesLink"/>
  <testcase name="annuelCertificateTest" time="0.034" classname="com.Assurance.InnerMenu.Links.LifeLineServicesLink"/>
</testsuite> <!-- com.Assurance.InnerMenu.Links.LifeLineServicesLink -->
