<?xml version="1.0" encoding="UTF-8"?>
<!-- Generated by org.testng.reporters.JUnitReportReporter -->
<testsuite skipped="0" hostname="DESKTOP-INQUNRP" name="com.Assurance.Topmost.Iframe.TitleTest" tests="2" failures="0" timestamp="2020-12-26T20:14:03 EST" time="3.336" errors="0">
  <testcase name="urlTest" time="3.284" classname="com.Assurance.Topmost.Iframe.TitleTest"/>
  <testcase name="titleTest" time="0.052" classname="com.Assurance.Topmost.Iframe.TitleTest"/>
</testsuite> <!-- com.Assurance.Topmost.Iframe.TitleTest -->
