<?xml version="1.0" encoding="UTF-8"?>
<!-- Generated by org.testng.reporters.JUnitReportReporter -->
<testsuite skipped="0" hostname="DESKTOP-INQUNRP" name="locators.Attribute.Attribute_LinkText" tests="5" failures="0" timestamp="2021-01-01T11:27:18 EST" time="12.915" errors="0">
  <testcase name="coverage_LinkText_Test" time="0.070" classname="locators.Attribute.Attribute_LinkText"/>
  <testcase name="lifeLine_Test" time="0.101" classname="locators.Attribute.Attribute_LinkText"/>
  <testcase name="clickOnLink_Test" time="1.599" classname="locators.Attribute.Attribute_LinkText"/>
  <testcase name="clickOnPartialLink_Test" time="5.387" classname="locators.Attribute.Attribute_LinkText"/>
  <testcase name="logIN_partialLinkText_Test" time="5.758" classname="locators.Attribute.Attribute_LinkText"/>
</testsuite> <!-- locators.Attribute.Attribute_LinkText -->
