<?xml version="1.0" encoding="UTF-8"?>
<!-- Generated by org.testng.reporters.JUnitReportReporter -->
<testsuite skipped="0" hostname="DESKTOP-INQUNRP" name="locators.Attribute.Attribute_ID" tests="5" failures="0" timestamp="2021-01-01T09:44:54 EST" time="5.390" errors="0">
  <testcase name="topmost_ID_Test" time="0.103" classname="locators.Attribute.Attribute_ID"/>
  <testcase name="ID_Test" time="0.072" classname="locators.Attribute.Attribute_ID"/>
  <testcase name="header_ID_Test" time="0.159" classname="locators.Attribute.Attribute_ID"/>
  <testcase name="block_ID_Test" time="0.179" classname="locators.Attribute.Attribute_ID"/>
  <testcase name="logIN_ID_Test" time="4.877" classname="locators.Attribute.Attribute_ID"/>
</testsuite> <!-- locators.Attribute.Attribute_ID -->
