<?xml version="1.0" encoding="UTF-8"?>
<!-- Generated by org.testng.reporters.JUnitReportReporter -->
<testsuite skipped="0" hostname="DESKTOP-INQUNRP" name="locators.Attribute.Explanation" tests="1" failures="0" timestamp="2021-01-02T18:22:49 EST" time="0.077" errors="0">
  <testcase name="topmost_ID_Test" time="0.077" classname="locators.Attribute.Explanation"/>
</testsuite> <!-- locators.Attribute.Explanation -->
