<?xml version="1.0" encoding="UTF-8"?>
<!-- Generated by org.testng.reporters.JUnitReportReporter -->
<testsuite skipped="0" hostname="DESKTOP-INQUNRP" name="com.Assurance.InnerMenu.Links.ListOfInnerMenuLinks" tests="1" failures="0" timestamp="2020-12-31T12:55:35 EST" time="0.137" errors="0">
  <testcase name="innerMenuLinksTest" time="0.137" classname="com.Assurance.InnerMenu.Links.ListOfInnerMenuLinks"/>
</testsuite> <!-- com.Assurance.InnerMenu.Links.ListOfInnerMenuLinks -->
