<?xml version="1.0" encoding="UTF-8"?>
<!-- Generated by org.testng.reporters.JUnitReportReporter -->
<testsuite skipped="0" hostname="DESKTOP-INQUNRP" name="synchronization.ExplicitWait.Clickable" tests="1" failures="0" timestamp="2021-02-05T20:17:09 EST" time="1.935" errors="0">
  <testcase name="clickableTest" time="1.935" classname="synchronization.ExplicitWait.Clickable"/>
</testsuite> <!-- synchronization.ExplicitWait.Clickable -->
