<?xml version="1.0" encoding="UTF-8"?>
<!-- Generated by org.testng.reporters.JUnitReportReporter -->
<testsuite skipped="0" hostname="DESKTOP-INQUNRP" name="locators.Attribute.Attribute_Name" tests="1" failures="0" timestamp="2021-01-01T10:05:15 EST" time="5.680" errors="0">
  <testcase name="logIN_ID_Test" time="5.680" classname="locators.Attribute.Attribute_Name"/>
</testsuite> <!-- locators.Attribute.Attribute_Name -->
