<?xml version="1.0" encoding="UTF-8"?>
<!-- Generated by org.testng.reporters.JUnitReportReporter -->
<testsuite skipped="0" hostname="DESKTOP-INQUNRP" name="locators.Attribute.Attribute_Text" tests="4" failures="0" timestamp="2021-01-01T10:54:52 EST" time="4.639" errors="0">
  <testcase name="topmost_Text_Test" time="0.078" classname="locators.Attribute.Attribute_Text"/>
  <testcase name="tinyText_Class_Test" time="0.083" classname="locators.Attribute.Attribute_Text"/>
  <testcase name="carousel_Class_Test" time="0.119" classname="locators.Attribute.Attribute_Text"/>
  <testcase name="logIN_class_Test" time="4.359" classname="locators.Attribute.Attribute_Text"/>
</testsuite> <!-- locators.Attribute.Attribute_Text -->
