<?xml version="1.0" encoding="UTF-8"?>
<!-- Generated by org.testng.reporters.JUnitReportReporter -->
<testsuite skipped="0" hostname="DESKTOP-INQUNRP" name="interfaceMethodChaining.NavigationInterface" tests="4" failures="0" timestamp="2020-12-27T18:28:18 EST" time="13.806" errors="0">
  <testcase name="refresh" time="0.344" classname="interfaceMethodChaining.NavigationInterface"/>
  <testcase name="back" time="0.050" classname="interfaceMethodChaining.NavigationInterface"/>
  <testcase name="forward" time="0.019" classname="interfaceMethodChaining.NavigationInterface"/>
  <testcase name="navigation" time="13.393" classname="interfaceMethodChaining.NavigationInterface"/>
</testsuite> <!-- interfaceMethodChaining.NavigationInterface -->
