<?xml version="1.0" encoding="UTF-8"?>
<!-- Generated by org.testng.reporters.JUnitReportReporter -->
<testsuite skipped="0" hostname="DESKTOP-INQUNRP" name="com.Assurance.Topmost.SocialLinks.ClickOnTwitterLinkTest" tests="2" failures="0" timestamp="2020-12-22T18:30:12 EST" time="2.605" errors="0">
  <testcase name="iconLinkTest" time="2.394" classname="com.Assurance.Topmost.SocialLinks.ClickOnTwitterLinkTest"/>
  <testcase name="listTest" time="0.211" classname="com.Assurance.Topmost.SocialLinks.ClickOnTwitterLinkTest"/>
</testsuite> <!-- com.Assurance.Topmost.SocialLinks.ClickOnTwitterLinkTest -->
