<?xml version="1.0" encoding="UTF-8"?>
<!-- Generated by org.testng.reporters.JUnitReportReporter -->
<testsuite skipped="0" hostname="DESKTOP-INQUNRP" name="synchronization.ExplicitWait.Clickable" tests="1" failures="0" timestamp="2021-01-17T18:20:01 EST" time="0.570" errors="0">
  <testcase name="clickableTest" time="0.570" classname="synchronization.ExplicitWait.Clickable"/>
</testsuite> <!-- synchronization.ExplicitWait.Clickable -->
