<?xml version="1.0" encoding="UTF-8"?>
<!-- Generated by org.testng.reporters.JUnitReportReporter -->
<testsuite skipped="0" hostname="DESKTOP-INQUNRP" name="synchronization.ExplicitWait.allertToBePresent" tests="1" failures="0" timestamp="2021-01-14T21:07:01 EST" time="30.511" errors="1">
  <testcase name="iFrameTest" time="30.511" classname="synchronization.ExplicitWait.allertToBePresent">
    <error type="org.openqa.selenium.TimeoutException" message="Expected condition failed: waiting for element to be clickable: [[ChromeDriver: chrome on WINDOWS (a6b645dfaddc1fa5223988888881076a)] -&gt; xpath: (//a[contains(text(),&#039;Apply Now&#039;)])[2]] (tried for 30 second(s) with 3000 milliseconds interval)
Build info: version: &#039;4.0.0-alpha-6&#039;, revision: &#039;5f43a29cfc&#039;
System info: host: &#039;DESKTOP-INQUNRP&#039;, ip: &#039;192.168.181.1&#039;, os.name: &#039;Windows 10&#039;, os.arch: &#039;amd64&#039;, os.version: &#039;10.0&#039;, java.version: &#039;1.8.0_171&#039;
Driver info: driver.version: unknown">
      <![CDATA[org.openqa.selenium.TimeoutException: Expected condition failed: waiting for element to be clickable: [[ChromeDriver: chrome on WINDOWS (a6b645dfaddc1fa5223988888881076a)] -> xpath: (//a[contains(text(),'Apply Now')])[2]] (tried for 30 second(s) with 3000 milliseconds interval)
Build info: version: '4.0.0-alpha-6', revision: '5f43a29cfc'
System info: host: 'DESKTOP-INQUNRP', ip: '192.168.181.1', os.name: 'Windows 10', os.arch: 'amd64', os.version: '10.0', java.version: '1.8.0_171'
Driver info: driver.version: unknown
at org.openqa.selenium.support.ui.FluentWait.timeoutException(FluentWait.java:293)
at org.openqa.selenium.support.ui.FluentWait.lambda$checkConditionInLoop$2(FluentWait.java:255)
at java.util.concurrent.CompletableFuture$AsyncSupply.run(Unknown Source)
at java.util.concurrent.CompletableFuture$AsyncSupply.exec(Unknown Source)
at java.util.concurrent.ForkJoinTask.doExec(Unknown Source)
at java.util.concurrent.ForkJoinPool$WorkQueue.runTask(Unknown Source)
at java.util.concurrent.ForkJoinPool.runWorker(Unknown Source)
at java.util.concurrent.ForkJoinWorkerThread.run(Unknown Source)
]]>
    </error>
  </testcase> <!-- iFrameTest -->
</testsuite> <!-- synchronization.ExplicitWait.allertToBePresent -->
