<?xml version="1.0" encoding="UTF-8"?>
<!-- Generated by org.testng.reporters.JUnitReportReporter -->
<testsuite skipped="0" hostname="DESKTOP-INQUNRP" name="webElementCommands.GetElement" tests="2" failures="0" timestamp="2020-12-27T19:52:38 EST" time="6.635" errors="0">
  <testcase name="getCSS" time="0.138" classname="webElementCommands.GetElement"/>
  <testcase name="gettEverything" time="6.497" classname="webElementCommands.GetElement"/>
</testsuite> <!-- webElementCommands.GetElement -->
