<?xml version="1.0" encoding="UTF-8"?>
<!-- Generated by org.testng.reporters.JUnitReportReporter -->
<testsuite skipped="0" hostname="DESKTOP-INQUNRP" name="locators.CSS.Css_ID" tests="5" failures="0" timestamp="2021-01-01T12:31:30 EST" time="4.875" errors="0">
  <testcase name="Regular_CSS_ID_Test" time="0.074" classname="locators.CSS.Css_ID"/>
  <testcase name="ID_StartWith_Test" time="0.071" classname="locators.CSS.Css_ID"/>
  <testcase name="CSS_ID_EndsWith_Test" time="0.125" classname="locators.CSS.Css_ID"/>
  <testcase name="CSS_ID_SubStringTest" time="0.083" classname="locators.CSS.Css_ID"/>
  <testcase name="MultipleCSS_ID_Test" time="4.522" classname="locators.CSS.Css_ID"/>
</testsuite> <!-- locators.CSS.Css_ID -->
